<?xml version="1.0" encoding="UTF-8"?>
<!-- Generated by org.testng.reporters.JUnitXMLReporter -->
<testsuite hostname="LAPTOP-FHVIN2VS" ignored="0" name="REstAPI REsgression Test" tests="10" failures="0" timestamp="05 Sep 2020 03:50:11 GMT" time="18.705" errors="0">
  <testcase name="getAccountBlockStatusTest" time="0.744" classname="com.qa.api.gorest.tests.ImgurGetAPI"/>
  <testcase name="getAccountImageTest" time="0.57" classname="com.qa.api.gorest.tests.ImgurGetAPI"/>
  <testcase name="uploadImageTest" time="2.451" classname="com.qa.api.gorest.tests.ImgurGetAPI"/>
  <testcase name="createMultipleUsersWithExcel" time="1.554" classname="com.qa.api.gorest.tests.CreateUser"/>
  <testcase name="createMultipleUsersWithExcel" time="1.461" classname="com.qa.api.gorest.tests.CreateUser"/>
  <testcase name="createMultipleUsersWithExcel" time="1.458" classname="com.qa.api.gorest.tests.CreateUser"/>
  <testcase name="createMultipleUsersWithExcel" time="1.492" classname="com.qa.api.gorest.tests.CreateUser"/>
  <testcase name="createUserWithPojo" time="1.47" classname="com.qa.api.gorest.tests.CreateUser"/>
  <testcase name="getAllusersApiTest" time="1.471" classname="com.qa.api.gorest.tests.GetUserTest"/>
  <testcase name="getUserWithQueryParams" time="1.455" classname="com.qa.api.gorest.tests.GetUserTest"/>
</testsuite> <!-- REstAPI REsgression Test -->
