<?xml version="1.0" encoding="UTF-8"?>
<!-- Generated by org.testng.reporters.JUnitXMLReporter -->
<testsuite hostname="LAPTOP-FHVIN2VS" ignored="2" name="Default test" tests="1" failures="0" timestamp="04 Sep 2020 19:21:54 GMT" time="5.456" errors="0">
  <testcase name="uploadImageTest" time="3.097" classname="com.qa.api.gorest.tests.ImgurGetAPI"/>
  <testcase name="getAccountBlockStatusTest" time="0.0" classname="com.qa.api.gorest.tests.ImgurGetAPI">
    <ignored/>
  </testcase> <!-- getAccountBlockStatusTest -->
  <testcase name="getAccountImageTest" time="0.0" classname="com.qa.api.gorest.tests.ImgurGetAPI">
    <ignored/>
  </testcase> <!-- getAccountImageTest -->
</testsuite> <!-- Default test -->
